<?xml version="1.0" encoding="UTF-8"?>
<!-- Generated by org.testng.reporters.JUnitReportReporter -->
<testsuite hostname="LAPTOP-E5G724SI" failures="0" tests="1" name="variousConcepts.LoginTest" time="10.529" errors="0" timestamp="2023-07-09T09:03:50 CDT" skipped="0">
  <testcase classname="variousConcepts.LoginTest" name="login" time="10.529"/>
  <system-out/>
</testsuite> <!-- variousConcepts.LoginTest -->
